<?xml version="1.0" encoding="utf-8"?><testsuites name="pytest tests"><testsuite name="pytest" errors="0" failures="1" skipped="0" tests="15" time="11.740" timestamp="2026-06-27T21:00:29.086196+00:00" hostname="agent-env-f76326bb-2ba4-4334-af1a-a299487b63bb"><testcase classname="backend.tests.test_buildpro_api" name="test_login_existing" time="0.269"><failure message="assert 401 == 200&#10; +  where 401 = &lt;Response [401]&gt;.status_code">backend/tests/test_buildpro_api.py:33: in test_login_existing
    assert r.status_code == 200
E   assert 401 == 200
E    +  where 401 = &lt;Response [401]&gt;.status_code</failure></testcase><testcase classname="backend.tests.test_buildpro_api" name="test_me" time="0.410" /><testcase classname="backend.tests.test_buildpro_api" name="test_register_duplicate" time="0.143" /><testcase classname="backend.tests.test_buildpro_api" name="test_login_wrong_password" time="0.315" /><testcase classname="backend.tests.test_buildpro_api" name="test_me_no_token" time="0.107" /><testcase classname="backend.tests.test_buildpro_api" name="test_projects_crud" time="0.280" /><testcase classname="backend.tests.test_buildpro_api" name="test_tasks_flow" time="0.244" /><testcase classname="backend.tests.test_buildpro_api" name="test_quotes_compute" time="0.143" /><testcase classname="backend.tests.test_buildpro_api" name="test_workers_attendance" time="0.248" /><testcase classname="backend.tests.test_buildpro_api" name="test_inventory" time="0.139" /><testcase classname="backend.tests.test_buildpro_api" name="test_photos" time="0.209" /><testcase classname="backend.tests.test_buildpro_api" name="test_dashboard" time="0.043" /><testcase classname="backend.tests.test_buildpro_api" name="test_ai_chat_endpoint_exists" time="1.043" /><testcase classname="backend.tests.test_buildpro_api" name="test_ai_estimate_endpoint_exists" time="7.996" /><testcase classname="backend.tests.test_buildpro_api" name="test_ai_history" time="0.051" /></testsuite></testsuites>